   1               		.file	"ConfigDescriptors.c"
   2               	__SP_H__ = 0x3e
   3               	__SP_L__ = 0x3d
   4               	__SREG__ = 0x3f
   5               	__tmp_reg__ = 0
   6               	__zero_reg__ = 1
   7               		.text
   8               	.Ltext0:
   9               		.cfi_sections	.debug_frame
  10               		.section	.text.USB_GetNextDescriptor,"ax",@progbits
  12               	USB_GetNextDescriptor:
  13               	.LFB87:
  14               		.file 1 "lib/lufa/LUFA/Drivers/USB/Core/ConfigDescriptors.h"
   1:lib/lufa/LUFA/Drivers/USB/Core/ConfigDescriptors.h **** /*
   2:lib/lufa/LUFA/Drivers/USB/Core/ConfigDescriptors.h ****              LUFA Library
   3:lib/lufa/LUFA/Drivers/USB/Core/ConfigDescriptors.h ****      Copyright (C) Dean Camera, 2019.
   4:lib/lufa/LUFA/Drivers/USB/Core/ConfigDescriptors.h **** 
   5:lib/lufa/LUFA/Drivers/USB/Core/ConfigDescriptors.h ****   dean [at] fourwalledcubicle [dot] com
   6:lib/lufa/LUFA/Drivers/USB/Core/ConfigDescriptors.h ****            www.lufa-lib.org
   7:lib/lufa/LUFA/Drivers/USB/Core/ConfigDescriptors.h **** */
   8:lib/lufa/LUFA/Drivers/USB/Core/ConfigDescriptors.h **** 
   9:lib/lufa/LUFA/Drivers/USB/Core/ConfigDescriptors.h **** /*
  10:lib/lufa/LUFA/Drivers/USB/Core/ConfigDescriptors.h ****   Copyright 2019  Dean Camera (dean [at] fourwalledcubicle [dot] com)
  11:lib/lufa/LUFA/Drivers/USB/Core/ConfigDescriptors.h **** 
  12:lib/lufa/LUFA/Drivers/USB/Core/ConfigDescriptors.h ****   Permission to use, copy, modify, distribute, and sell this
  13:lib/lufa/LUFA/Drivers/USB/Core/ConfigDescriptors.h ****   software and its documentation for any purpose is hereby granted
  14:lib/lufa/LUFA/Drivers/USB/Core/ConfigDescriptors.h ****   without fee, provided that the above copyright notice appear in
  15:lib/lufa/LUFA/Drivers/USB/Core/ConfigDescriptors.h ****   all copies and that both that the copyright notice and this
  16:lib/lufa/LUFA/Drivers/USB/Core/ConfigDescriptors.h ****   permission notice and warranty disclaimer appear in supporting
  17:lib/lufa/LUFA/Drivers/USB/Core/ConfigDescriptors.h ****   documentation, and that the name of the author not be used in
  18:lib/lufa/LUFA/Drivers/USB/Core/ConfigDescriptors.h ****   advertising or publicity pertaining to distribution of the
  19:lib/lufa/LUFA/Drivers/USB/Core/ConfigDescriptors.h ****   software without specific, written prior permission.
  20:lib/lufa/LUFA/Drivers/USB/Core/ConfigDescriptors.h **** 
  21:lib/lufa/LUFA/Drivers/USB/Core/ConfigDescriptors.h ****   The author disclaims all warranties with regard to this
  22:lib/lufa/LUFA/Drivers/USB/Core/ConfigDescriptors.h ****   software, including all implied warranties of merchantability
  23:lib/lufa/LUFA/Drivers/USB/Core/ConfigDescriptors.h ****   and fitness.  In no event shall the author be liable for any
  24:lib/lufa/LUFA/Drivers/USB/Core/ConfigDescriptors.h ****   special, indirect or consequential damages or any damages
  25:lib/lufa/LUFA/Drivers/USB/Core/ConfigDescriptors.h ****   whatsoever resulting from loss of use, data or profits, whether
  26:lib/lufa/LUFA/Drivers/USB/Core/ConfigDescriptors.h ****   in an action of contract, negligence or other tortious action,
  27:lib/lufa/LUFA/Drivers/USB/Core/ConfigDescriptors.h ****   arising out of or in connection with the use or performance of
  28:lib/lufa/LUFA/Drivers/USB/Core/ConfigDescriptors.h ****   this software.
  29:lib/lufa/LUFA/Drivers/USB/Core/ConfigDescriptors.h **** */
  30:lib/lufa/LUFA/Drivers/USB/Core/ConfigDescriptors.h **** 
  31:lib/lufa/LUFA/Drivers/USB/Core/ConfigDescriptors.h **** /** \file
  32:lib/lufa/LUFA/Drivers/USB/Core/ConfigDescriptors.h ****  *  \brief USB Configuration Descriptor definitions.
  33:lib/lufa/LUFA/Drivers/USB/Core/ConfigDescriptors.h ****  *  \copydetails Group_ConfigDescriptorParser
  34:lib/lufa/LUFA/Drivers/USB/Core/ConfigDescriptors.h ****  *
  35:lib/lufa/LUFA/Drivers/USB/Core/ConfigDescriptors.h ****  *  \note This file should not be included directly. It is automatically included as needed by the 
  36:lib/lufa/LUFA/Drivers/USB/Core/ConfigDescriptors.h ****  *        dispatch header located in LUFA/Drivers/USB/USB.h.
  37:lib/lufa/LUFA/Drivers/USB/Core/ConfigDescriptors.h ****  */
  38:lib/lufa/LUFA/Drivers/USB/Core/ConfigDescriptors.h **** 
  39:lib/lufa/LUFA/Drivers/USB/Core/ConfigDescriptors.h **** /** \ingroup Group_StdDescriptors
  40:lib/lufa/LUFA/Drivers/USB/Core/ConfigDescriptors.h ****  *  \defgroup Group_ConfigDescriptorParser Configuration Descriptor Parser
  41:lib/lufa/LUFA/Drivers/USB/Core/ConfigDescriptors.h ****  *  \brief USB Configuration Descriptor definitions.
  42:lib/lufa/LUFA/Drivers/USB/Core/ConfigDescriptors.h ****  *
  43:lib/lufa/LUFA/Drivers/USB/Core/ConfigDescriptors.h ****  *  This section of the library gives a friendly API which can be used in host applications to easi
  44:lib/lufa/LUFA/Drivers/USB/Core/ConfigDescriptors.h ****  *  parse an attached device's configuration descriptor so that endpoint, interface and other descr
  45:lib/lufa/LUFA/Drivers/USB/Core/ConfigDescriptors.h ****  *  data can be extracted and used as needed.
  46:lib/lufa/LUFA/Drivers/USB/Core/ConfigDescriptors.h ****  *
  47:lib/lufa/LUFA/Drivers/USB/Core/ConfigDescriptors.h ****  *  @{
  48:lib/lufa/LUFA/Drivers/USB/Core/ConfigDescriptors.h ****  */
  49:lib/lufa/LUFA/Drivers/USB/Core/ConfigDescriptors.h **** 
  50:lib/lufa/LUFA/Drivers/USB/Core/ConfigDescriptors.h **** #ifndef __CONFIGDESCRIPTORS_H__
  51:lib/lufa/LUFA/Drivers/USB/Core/ConfigDescriptors.h **** #define __CONFIGDESCRIPTORS_H__
  52:lib/lufa/LUFA/Drivers/USB/Core/ConfigDescriptors.h **** 
  53:lib/lufa/LUFA/Drivers/USB/Core/ConfigDescriptors.h **** 	/* Includes: */
  54:lib/lufa/LUFA/Drivers/USB/Core/ConfigDescriptors.h **** 		#include "../../../Common/Common.h"
  55:lib/lufa/LUFA/Drivers/USB/Core/ConfigDescriptors.h **** 		#include "USBMode.h"
  56:lib/lufa/LUFA/Drivers/USB/Core/ConfigDescriptors.h **** 		#include "HostStandardReq.h"
  57:lib/lufa/LUFA/Drivers/USB/Core/ConfigDescriptors.h **** 		#include "StdDescriptors.h"
  58:lib/lufa/LUFA/Drivers/USB/Core/ConfigDescriptors.h **** 
  59:lib/lufa/LUFA/Drivers/USB/Core/ConfigDescriptors.h **** 	/* Enable C linkage for C++ Compilers: */
  60:lib/lufa/LUFA/Drivers/USB/Core/ConfigDescriptors.h **** 		#if defined(__cplusplus)
  61:lib/lufa/LUFA/Drivers/USB/Core/ConfigDescriptors.h **** 			extern "C" {
  62:lib/lufa/LUFA/Drivers/USB/Core/ConfigDescriptors.h **** 		#endif
  63:lib/lufa/LUFA/Drivers/USB/Core/ConfigDescriptors.h **** 
  64:lib/lufa/LUFA/Drivers/USB/Core/ConfigDescriptors.h **** 	/* Preprocessor Checks: */
  65:lib/lufa/LUFA/Drivers/USB/Core/ConfigDescriptors.h **** 		#if !defined(__INCLUDE_FROM_USB_DRIVER)
  66:lib/lufa/LUFA/Drivers/USB/Core/ConfigDescriptors.h **** 			#error Do not include this file directly. Include LUFA/Drivers/USB/USB.h instead.
  67:lib/lufa/LUFA/Drivers/USB/Core/ConfigDescriptors.h **** 		#endif
  68:lib/lufa/LUFA/Drivers/USB/Core/ConfigDescriptors.h **** 
  69:lib/lufa/LUFA/Drivers/USB/Core/ConfigDescriptors.h **** 	/* Public Interface - May be used in end-application: */
  70:lib/lufa/LUFA/Drivers/USB/Core/ConfigDescriptors.h **** 		/* Macros: */
  71:lib/lufa/LUFA/Drivers/USB/Core/ConfigDescriptors.h **** 			/** Casts a pointer to a descriptor inside the configuration descriptor into a pointer to the gi
  72:lib/lufa/LUFA/Drivers/USB/Core/ConfigDescriptors.h **** 			 *  descriptor type.
  73:lib/lufa/LUFA/Drivers/USB/Core/ConfigDescriptors.h **** 			 *
  74:lib/lufa/LUFA/Drivers/USB/Core/ConfigDescriptors.h **** 			 *  Usage Example:
  75:lib/lufa/LUFA/Drivers/USB/Core/ConfigDescriptors.h **** 			 *  \code
  76:lib/lufa/LUFA/Drivers/USB/Core/ConfigDescriptors.h **** 			 *  uint8_t* CurrDescriptor = &ConfigDescriptor[0]; // Pointing to the configuration header
  77:lib/lufa/LUFA/Drivers/USB/Core/ConfigDescriptors.h **** 			 *  USB_Descriptor_Configuration_Header_t* ConfigHeaderPtr = DESCRIPTOR_PCAST(CurrDescriptor,
  78:lib/lufa/LUFA/Drivers/USB/Core/ConfigDescriptors.h **** 			 *                                                           USB_Descriptor_Configuration_Header
  79:lib/lufa/LUFA/Drivers/USB/Core/ConfigDescriptors.h **** 			 *
  80:lib/lufa/LUFA/Drivers/USB/Core/ConfigDescriptors.h **** 			 *  // Can now access elements of the configuration header struct using the -> indirection opera
  81:lib/lufa/LUFA/Drivers/USB/Core/ConfigDescriptors.h **** 			 *  \endcode
  82:lib/lufa/LUFA/Drivers/USB/Core/ConfigDescriptors.h **** 			 */
  83:lib/lufa/LUFA/Drivers/USB/Core/ConfigDescriptors.h **** 			#define DESCRIPTOR_PCAST(DescriptorPtr, Type) ((Type*)(DescriptorPtr))
  84:lib/lufa/LUFA/Drivers/USB/Core/ConfigDescriptors.h **** 
  85:lib/lufa/LUFA/Drivers/USB/Core/ConfigDescriptors.h **** 			/** Casts a pointer to a descriptor inside the configuration descriptor into the given descripto
  86:lib/lufa/LUFA/Drivers/USB/Core/ConfigDescriptors.h **** 			 *  type (as an actual struct instance rather than a pointer to a struct).
  87:lib/lufa/LUFA/Drivers/USB/Core/ConfigDescriptors.h **** 			 *
  88:lib/lufa/LUFA/Drivers/USB/Core/ConfigDescriptors.h **** 			 *  Usage Example:
  89:lib/lufa/LUFA/Drivers/USB/Core/ConfigDescriptors.h **** 			 *  \code
  90:lib/lufa/LUFA/Drivers/USB/Core/ConfigDescriptors.h **** 			 *  uint8_t* CurrDescriptor = &ConfigDescriptor[0]; // Pointing to the configuration header
  91:lib/lufa/LUFA/Drivers/USB/Core/ConfigDescriptors.h **** 			 *  USB_Descriptor_Configuration_Header_t ConfigHeader = DESCRIPTOR_CAST(CurrDescriptor,
  92:lib/lufa/LUFA/Drivers/USB/Core/ConfigDescriptors.h **** 			 *                                                       USB_Descriptor_Configuration_Header_t);
  93:lib/lufa/LUFA/Drivers/USB/Core/ConfigDescriptors.h **** 			 *
  94:lib/lufa/LUFA/Drivers/USB/Core/ConfigDescriptors.h **** 			 *  // Can now access elements of the configuration header struct using the . operator
  95:lib/lufa/LUFA/Drivers/USB/Core/ConfigDescriptors.h **** 			 *  \endcode
  96:lib/lufa/LUFA/Drivers/USB/Core/ConfigDescriptors.h **** 			 */
  97:lib/lufa/LUFA/Drivers/USB/Core/ConfigDescriptors.h **** 			#define DESCRIPTOR_CAST(DescriptorPtr, Type)  (*DESCRIPTOR_PCAST(DescriptorPtr, Type))
  98:lib/lufa/LUFA/Drivers/USB/Core/ConfigDescriptors.h **** 
  99:lib/lufa/LUFA/Drivers/USB/Core/ConfigDescriptors.h **** 			/** Returns the descriptor's type, expressed as the 8-bit type value in the header of the descri
 100:lib/lufa/LUFA/Drivers/USB/Core/ConfigDescriptors.h **** 			 *  This value's meaning depends on the descriptor's placement in the descriptor, but standard t
 101:lib/lufa/LUFA/Drivers/USB/Core/ConfigDescriptors.h **** 			 *  values can be accessed in the \ref USB_DescriptorTypes_t enum.
 102:lib/lufa/LUFA/Drivers/USB/Core/ConfigDescriptors.h **** 			 */
 103:lib/lufa/LUFA/Drivers/USB/Core/ConfigDescriptors.h **** 			#define DESCRIPTOR_TYPE(DescriptorPtr)    DESCRIPTOR_PCAST(DescriptorPtr, USB_Descriptor_Header_
 104:lib/lufa/LUFA/Drivers/USB/Core/ConfigDescriptors.h **** 
 105:lib/lufa/LUFA/Drivers/USB/Core/ConfigDescriptors.h **** 			/** Returns the descriptor's size, expressed as the 8-bit value indicating the number of bytes. 
 106:lib/lufa/LUFA/Drivers/USB/Core/ConfigDescriptors.h **** 			#define DESCRIPTOR_SIZE(DescriptorPtr)    DESCRIPTOR_PCAST(DescriptorPtr, USB_Descriptor_Header_
 107:lib/lufa/LUFA/Drivers/USB/Core/ConfigDescriptors.h **** 
 108:lib/lufa/LUFA/Drivers/USB/Core/ConfigDescriptors.h **** 		/* Type Defines: */
 109:lib/lufa/LUFA/Drivers/USB/Core/ConfigDescriptors.h **** 			/** Type define for a Configuration Descriptor comparator function (function taking a pointer to
 110:lib/lufa/LUFA/Drivers/USB/Core/ConfigDescriptors.h **** 			 *  of type void, returning a uint8_t value).
 111:lib/lufa/LUFA/Drivers/USB/Core/ConfigDescriptors.h **** 			 *
 112:lib/lufa/LUFA/Drivers/USB/Core/ConfigDescriptors.h **** 			 *  \see \ref USB_GetNextDescriptorComp function for more details.
 113:lib/lufa/LUFA/Drivers/USB/Core/ConfigDescriptors.h **** 			 */
 114:lib/lufa/LUFA/Drivers/USB/Core/ConfigDescriptors.h **** 			typedef uint8_t (* ConfigComparatorPtr_t)(void*);
 115:lib/lufa/LUFA/Drivers/USB/Core/ConfigDescriptors.h **** 
 116:lib/lufa/LUFA/Drivers/USB/Core/ConfigDescriptors.h **** 		/* Enums: */
 117:lib/lufa/LUFA/Drivers/USB/Core/ConfigDescriptors.h **** 			/** Enum for the possible return codes of the \ref USB_Host_GetDeviceConfigDescriptor() function
 118:lib/lufa/LUFA/Drivers/USB/Core/ConfigDescriptors.h **** 			enum USB_Host_GetConfigDescriptor_ErrorCodes_t
 119:lib/lufa/LUFA/Drivers/USB/Core/ConfigDescriptors.h **** 			{
 120:lib/lufa/LUFA/Drivers/USB/Core/ConfigDescriptors.h **** 				HOST_GETCONFIG_Successful       = 0, /**< No error occurred while retrieving the configuration 
 121:lib/lufa/LUFA/Drivers/USB/Core/ConfigDescriptors.h **** 				HOST_GETCONFIG_DeviceDisconnect = 1, /**< The attached device was disconnected while retrieving
 122:lib/lufa/LUFA/Drivers/USB/Core/ConfigDescriptors.h **** 				                                      *   descriptor.
 123:lib/lufa/LUFA/Drivers/USB/Core/ConfigDescriptors.h **** 				                                      */
 124:lib/lufa/LUFA/Drivers/USB/Core/ConfigDescriptors.h **** 				HOST_GETCONFIG_PipeError        = 2, /**< An error occurred in the pipe while sending the reque
 125:lib/lufa/LUFA/Drivers/USB/Core/ConfigDescriptors.h **** 				HOST_GETCONFIG_SetupStalled     = 3, /**< The attached device stalled the request to retrieve t
 126:lib/lufa/LUFA/Drivers/USB/Core/ConfigDescriptors.h **** 				                                      *   descriptor.
 127:lib/lufa/LUFA/Drivers/USB/Core/ConfigDescriptors.h **** 				                                      */
 128:lib/lufa/LUFA/Drivers/USB/Core/ConfigDescriptors.h **** 				HOST_GETCONFIG_SoftwareTimeOut  = 4, /**< The request or data transfer timed out. */
 129:lib/lufa/LUFA/Drivers/USB/Core/ConfigDescriptors.h **** 				HOST_GETCONFIG_BuffOverflow     = 5, /**< The device's configuration descriptor is too large to
 130:lib/lufa/LUFA/Drivers/USB/Core/ConfigDescriptors.h **** 				                                      *   buffer.
 131:lib/lufa/LUFA/Drivers/USB/Core/ConfigDescriptors.h **** 				                                      */
 132:lib/lufa/LUFA/Drivers/USB/Core/ConfigDescriptors.h **** 				HOST_GETCONFIG_InvalidData      = 6, /**< The device returned invalid configuration descriptor 
 133:lib/lufa/LUFA/Drivers/USB/Core/ConfigDescriptors.h **** 			};
 134:lib/lufa/LUFA/Drivers/USB/Core/ConfigDescriptors.h **** 
 135:lib/lufa/LUFA/Drivers/USB/Core/ConfigDescriptors.h **** 			/** Enum for return values of a descriptor comparator function. */
 136:lib/lufa/LUFA/Drivers/USB/Core/ConfigDescriptors.h **** 			enum DSearch_Return_ErrorCodes_t
 137:lib/lufa/LUFA/Drivers/USB/Core/ConfigDescriptors.h **** 			{
 138:lib/lufa/LUFA/Drivers/USB/Core/ConfigDescriptors.h **** 				DESCRIPTOR_SEARCH_Found                = 0, /**< Current descriptor matches comparator criteria
 139:lib/lufa/LUFA/Drivers/USB/Core/ConfigDescriptors.h **** 				DESCRIPTOR_SEARCH_Fail                 = 1, /**< No further descriptor could possibly match cri
 140:lib/lufa/LUFA/Drivers/USB/Core/ConfigDescriptors.h **** 				DESCRIPTOR_SEARCH_NotFound             = 2, /**< Current descriptor does not match comparator c
 141:lib/lufa/LUFA/Drivers/USB/Core/ConfigDescriptors.h **** 			};
 142:lib/lufa/LUFA/Drivers/USB/Core/ConfigDescriptors.h **** 
 143:lib/lufa/LUFA/Drivers/USB/Core/ConfigDescriptors.h **** 			/** Enum for return values of \ref USB_GetNextDescriptorComp(). */
 144:lib/lufa/LUFA/Drivers/USB/Core/ConfigDescriptors.h **** 			enum DSearch_Comp_Return_ErrorCodes_t
 145:lib/lufa/LUFA/Drivers/USB/Core/ConfigDescriptors.h **** 			{
 146:lib/lufa/LUFA/Drivers/USB/Core/ConfigDescriptors.h **** 				DESCRIPTOR_SEARCH_COMP_Found           = 0, /**< Configuration descriptor now points to descrip
 147:lib/lufa/LUFA/Drivers/USB/Core/ConfigDescriptors.h **** 				                                             *   search criteria of the given comparator functi
 148:lib/lufa/LUFA/Drivers/USB/Core/ConfigDescriptors.h **** 				DESCRIPTOR_SEARCH_COMP_Fail            = 1, /**< Comparator function returned \ref DESCRIPTOR_S
 149:lib/lufa/LUFA/Drivers/USB/Core/ConfigDescriptors.h **** 				DESCRIPTOR_SEARCH_COMP_EndOfDescriptor = 2, /**< End of configuration descriptor reached before
 150:lib/lufa/LUFA/Drivers/USB/Core/ConfigDescriptors.h **** 			};
 151:lib/lufa/LUFA/Drivers/USB/Core/ConfigDescriptors.h **** 
 152:lib/lufa/LUFA/Drivers/USB/Core/ConfigDescriptors.h **** 		/* Function Prototypes: */
 153:lib/lufa/LUFA/Drivers/USB/Core/ConfigDescriptors.h **** 			/** Retrieves the configuration descriptor data from an attached device via a standard request i
 154:lib/lufa/LUFA/Drivers/USB/Core/ConfigDescriptors.h **** 			 *  including validity and size checking to prevent a buffer overflow.
 155:lib/lufa/LUFA/Drivers/USB/Core/ConfigDescriptors.h **** 			 *
 156:lib/lufa/LUFA/Drivers/USB/Core/ConfigDescriptors.h **** 			 *  \param[in]     ConfigNumber   Device configuration descriptor number to fetch from the devic
 157:lib/lufa/LUFA/Drivers/USB/Core/ConfigDescriptors.h **** 			 *                                single configuration devices).
 158:lib/lufa/LUFA/Drivers/USB/Core/ConfigDescriptors.h **** 			 *  \param[in,out] ConfigSizePtr  Pointer to a location for storing the retrieved configuration 
 159:lib/lufa/LUFA/Drivers/USB/Core/ConfigDescriptors.h **** 			 *  \param[out]    BufferPtr      Pointer to the buffer for storing the configuration descriptor
 160:lib/lufa/LUFA/Drivers/USB/Core/ConfigDescriptors.h **** 			 *  \param[out]    BufferSize     Size of the allocated buffer where the configuration descripto
 161:lib/lufa/LUFA/Drivers/USB/Core/ConfigDescriptors.h **** 			 *
 162:lib/lufa/LUFA/Drivers/USB/Core/ConfigDescriptors.h **** 			 *  \return A value from the \ref USB_Host_GetConfigDescriptor_ErrorCodes_t enum.
 163:lib/lufa/LUFA/Drivers/USB/Core/ConfigDescriptors.h **** 			 */
 164:lib/lufa/LUFA/Drivers/USB/Core/ConfigDescriptors.h **** 			uint8_t USB_Host_GetDeviceConfigDescriptor(const uint8_t ConfigNumber,
 165:lib/lufa/LUFA/Drivers/USB/Core/ConfigDescriptors.h **** 			                                           uint16_t* const ConfigSizePtr,
 166:lib/lufa/LUFA/Drivers/USB/Core/ConfigDescriptors.h **** 			                                           void* const BufferPtr,
 167:lib/lufa/LUFA/Drivers/USB/Core/ConfigDescriptors.h **** 			                                           const uint16_t BufferSize) ATTR_NON_NULL_PTR_ARG(2) A
 168:lib/lufa/LUFA/Drivers/USB/Core/ConfigDescriptors.h **** 
 169:lib/lufa/LUFA/Drivers/USB/Core/ConfigDescriptors.h **** 			/** Skips to the next sub-descriptor inside the configuration descriptor of the specified type v
 170:lib/lufa/LUFA/Drivers/USB/Core/ConfigDescriptors.h **** 			 *  The bytes remaining value is automatically decremented.
 171:lib/lufa/LUFA/Drivers/USB/Core/ConfigDescriptors.h **** 			 *
 172:lib/lufa/LUFA/Drivers/USB/Core/ConfigDescriptors.h **** 			 * \param[in,out] BytesRem       Pointer to the number of bytes remaining of the configuration d
 173:lib/lufa/LUFA/Drivers/USB/Core/ConfigDescriptors.h **** 			 * \param[in,out] CurrConfigLoc  Pointer to the current descriptor inside the configuration desc
 174:lib/lufa/LUFA/Drivers/USB/Core/ConfigDescriptors.h **** 			 * \param[in]     Type           Descriptor type value to search for.
 175:lib/lufa/LUFA/Drivers/USB/Core/ConfigDescriptors.h **** 			 */
 176:lib/lufa/LUFA/Drivers/USB/Core/ConfigDescriptors.h **** 			void USB_GetNextDescriptorOfType(uint16_t* const BytesRem,
 177:lib/lufa/LUFA/Drivers/USB/Core/ConfigDescriptors.h **** 			                                 void** const CurrConfigLoc,
 178:lib/lufa/LUFA/Drivers/USB/Core/ConfigDescriptors.h **** 			                                 const uint8_t Type)
 179:lib/lufa/LUFA/Drivers/USB/Core/ConfigDescriptors.h **** 			                                 ATTR_NON_NULL_PTR_ARG(1) ATTR_NON_NULL_PTR_ARG(2);
 180:lib/lufa/LUFA/Drivers/USB/Core/ConfigDescriptors.h **** 
 181:lib/lufa/LUFA/Drivers/USB/Core/ConfigDescriptors.h **** 			/** Skips to the next sub-descriptor inside the configuration descriptor of the specified type v
 182:lib/lufa/LUFA/Drivers/USB/Core/ConfigDescriptors.h **** 			 *  which must come before a descriptor of the second given type value. If the BeforeType type
 183:lib/lufa/LUFA/Drivers/USB/Core/ConfigDescriptors.h **** 			 *  descriptor is reached first, the number of bytes remaining to process is set to zero and the
 184:lib/lufa/LUFA/Drivers/USB/Core/ConfigDescriptors.h **** 			 *  function exits. The bytes remaining value is automatically decremented.
 185:lib/lufa/LUFA/Drivers/USB/Core/ConfigDescriptors.h **** 			 *
 186:lib/lufa/LUFA/Drivers/USB/Core/ConfigDescriptors.h **** 			 * \param[in,out] BytesRem       Pointer to the number of bytes remaining of the configuration d
 187:lib/lufa/LUFA/Drivers/USB/Core/ConfigDescriptors.h **** 			 * \param[in,out] CurrConfigLoc  Pointer to the current descriptor inside the configuration desc
 188:lib/lufa/LUFA/Drivers/USB/Core/ConfigDescriptors.h **** 			 * \param[in]     Type           Descriptor type value to search for.
 189:lib/lufa/LUFA/Drivers/USB/Core/ConfigDescriptors.h **** 			 * \param[in]     BeforeType     Descriptor type value which must not be reached before the give
 190:lib/lufa/LUFA/Drivers/USB/Core/ConfigDescriptors.h **** 			 */
 191:lib/lufa/LUFA/Drivers/USB/Core/ConfigDescriptors.h **** 			void USB_GetNextDescriptorOfTypeBefore(uint16_t* const BytesRem,
 192:lib/lufa/LUFA/Drivers/USB/Core/ConfigDescriptors.h **** 			                                       void** const CurrConfigLoc,
 193:lib/lufa/LUFA/Drivers/USB/Core/ConfigDescriptors.h **** 			                                       const uint8_t Type,
 194:lib/lufa/LUFA/Drivers/USB/Core/ConfigDescriptors.h **** 			                                       const uint8_t BeforeType)
 195:lib/lufa/LUFA/Drivers/USB/Core/ConfigDescriptors.h **** 			                                       ATTR_NON_NULL_PTR_ARG(1) ATTR_NON_NULL_PTR_ARG(2);
 196:lib/lufa/LUFA/Drivers/USB/Core/ConfigDescriptors.h **** 
 197:lib/lufa/LUFA/Drivers/USB/Core/ConfigDescriptors.h **** 			/** Skips to the next sub-descriptor inside the configuration descriptor of the specified type v
 198:lib/lufa/LUFA/Drivers/USB/Core/ConfigDescriptors.h **** 			 *  which must come after a descriptor of the second given type value. The bytes remaining value
 199:lib/lufa/LUFA/Drivers/USB/Core/ConfigDescriptors.h **** 			 *  automatically decremented.
 200:lib/lufa/LUFA/Drivers/USB/Core/ConfigDescriptors.h **** 			 *
 201:lib/lufa/LUFA/Drivers/USB/Core/ConfigDescriptors.h **** 			 * \param[in,out] BytesRem       Pointer to the number of bytes remaining of the configuration d
 202:lib/lufa/LUFA/Drivers/USB/Core/ConfigDescriptors.h **** 			 * \param[in,out] CurrConfigLoc  Pointer to the current descriptor inside the configuration desc
 203:lib/lufa/LUFA/Drivers/USB/Core/ConfigDescriptors.h **** 			 * \param[in]     Type           Descriptor type value to search for.
 204:lib/lufa/LUFA/Drivers/USB/Core/ConfigDescriptors.h **** 			 * \param[in]     AfterType      Descriptor type value which must be reached before the given Ty
 205:lib/lufa/LUFA/Drivers/USB/Core/ConfigDescriptors.h **** 			 */
 206:lib/lufa/LUFA/Drivers/USB/Core/ConfigDescriptors.h **** 			void USB_GetNextDescriptorOfTypeAfter(uint16_t* const BytesRem,
 207:lib/lufa/LUFA/Drivers/USB/Core/ConfigDescriptors.h **** 			                                      void** const CurrConfigLoc,
 208:lib/lufa/LUFA/Drivers/USB/Core/ConfigDescriptors.h **** 			                                      const uint8_t Type,
 209:lib/lufa/LUFA/Drivers/USB/Core/ConfigDescriptors.h **** 			                                      const uint8_t AfterType)
 210:lib/lufa/LUFA/Drivers/USB/Core/ConfigDescriptors.h **** 			                                      ATTR_NON_NULL_PTR_ARG(1) ATTR_NON_NULL_PTR_ARG(2);
 211:lib/lufa/LUFA/Drivers/USB/Core/ConfigDescriptors.h **** 
 212:lib/lufa/LUFA/Drivers/USB/Core/ConfigDescriptors.h **** 			/** Searches for the next descriptor in the given configuration descriptor using a pre-made comp
 213:lib/lufa/LUFA/Drivers/USB/Core/ConfigDescriptors.h **** 			 *  function. The routine updates the position and remaining configuration descriptor bytes valu
 214:lib/lufa/LUFA/Drivers/USB/Core/ConfigDescriptors.h **** 			 *  automatically. If a comparator routine fails a search, the descriptor pointer is retreated b
 215:lib/lufa/LUFA/Drivers/USB/Core/ConfigDescriptors.h **** 			 *  so that the next descriptor search invocation will start from the descriptor which first cau
 216:lib/lufa/LUFA/Drivers/USB/Core/ConfigDescriptors.h **** 			 *  original search to fail. This behavior allows for one comparator to be used immediately afte
 217:lib/lufa/LUFA/Drivers/USB/Core/ConfigDescriptors.h **** 			 *  has failed, starting the second search from the descriptor which failed the first.
 218:lib/lufa/LUFA/Drivers/USB/Core/ConfigDescriptors.h **** 			 *
 219:lib/lufa/LUFA/Drivers/USB/Core/ConfigDescriptors.h **** 			 *  Comparator functions should be standard functions which accept a pointer to the header of th
 220:lib/lufa/LUFA/Drivers/USB/Core/ConfigDescriptors.h **** 			 *  descriptor inside the configuration descriptor which is being compared, and should return a 
 221:lib/lufa/LUFA/Drivers/USB/Core/ConfigDescriptors.h **** 			 *  the \ref DSearch_Return_ErrorCodes_t enum as a uint8_t value.
 222:lib/lufa/LUFA/Drivers/USB/Core/ConfigDescriptors.h **** 			 *
 223:lib/lufa/LUFA/Drivers/USB/Core/ConfigDescriptors.h **** 			 *  \note This function is available in USB Host mode only.
 224:lib/lufa/LUFA/Drivers/USB/Core/ConfigDescriptors.h **** 			 *
 225:lib/lufa/LUFA/Drivers/USB/Core/ConfigDescriptors.h **** 			 *  \param[in,out] BytesRem           Pointer to an int storing the remaining bytes in the confi
 226:lib/lufa/LUFA/Drivers/USB/Core/ConfigDescriptors.h **** 			 *  \param[in,out] CurrConfigLoc      Pointer to the current position in the configuration descr
 227:lib/lufa/LUFA/Drivers/USB/Core/ConfigDescriptors.h **** 			 *  \param[in]     ComparatorRoutine  Name of the comparator search function to use on the confi
 228:lib/lufa/LUFA/Drivers/USB/Core/ConfigDescriptors.h **** 			 *
 229:lib/lufa/LUFA/Drivers/USB/Core/ConfigDescriptors.h **** 			 *  \return Value of one of the members of the \ref DSearch_Comp_Return_ErrorCodes_t enum.
 230:lib/lufa/LUFA/Drivers/USB/Core/ConfigDescriptors.h **** 			 *
 231:lib/lufa/LUFA/Drivers/USB/Core/ConfigDescriptors.h **** 			 *  Usage Example:
 232:lib/lufa/LUFA/Drivers/USB/Core/ConfigDescriptors.h **** 			 *  \code
 233:lib/lufa/LUFA/Drivers/USB/Core/ConfigDescriptors.h **** 			 *  uint8_t EndpointSearcher(void* CurrentDescriptor); // Comparator Prototype
 234:lib/lufa/LUFA/Drivers/USB/Core/ConfigDescriptors.h **** 			 *
 235:lib/lufa/LUFA/Drivers/USB/Core/ConfigDescriptors.h **** 			 *  uint8_t EndpointSearcher(void* CurrentDescriptor)
 236:lib/lufa/LUFA/Drivers/USB/Core/ConfigDescriptors.h **** 			 *  {
 237:lib/lufa/LUFA/Drivers/USB/Core/ConfigDescriptors.h **** 			 *     if (DESCRIPTOR_TYPE(CurrentDescriptor) == DTYPE_Endpoint)
 238:lib/lufa/LUFA/Drivers/USB/Core/ConfigDescriptors.h **** 			 *         return DESCRIPTOR_SEARCH_Found;
 239:lib/lufa/LUFA/Drivers/USB/Core/ConfigDescriptors.h **** 			 *     else
 240:lib/lufa/LUFA/Drivers/USB/Core/ConfigDescriptors.h **** 			 *         return DESCRIPTOR_SEARCH_NotFound;
 241:lib/lufa/LUFA/Drivers/USB/Core/ConfigDescriptors.h **** 			 *  }
 242:lib/lufa/LUFA/Drivers/USB/Core/ConfigDescriptors.h **** 			 *
 243:lib/lufa/LUFA/Drivers/USB/Core/ConfigDescriptors.h **** 			 *  //...
 244:lib/lufa/LUFA/Drivers/USB/Core/ConfigDescriptors.h **** 			 *
 245:lib/lufa/LUFA/Drivers/USB/Core/ConfigDescriptors.h **** 			 *  // After retrieving configuration descriptor:
 246:lib/lufa/LUFA/Drivers/USB/Core/ConfigDescriptors.h **** 			 *  if (USB_Host_GetNextDescriptorComp(&BytesRemaining, &CurrentConfigLoc, EndpointSearcher) ==
 247:lib/lufa/LUFA/Drivers/USB/Core/ConfigDescriptors.h **** 			 *      Descriptor_Search_Comp_Found)
 248:lib/lufa/LUFA/Drivers/USB/Core/ConfigDescriptors.h **** 			 *  {
 249:lib/lufa/LUFA/Drivers/USB/Core/ConfigDescriptors.h **** 			 *      // Do something with the endpoint descriptor
 250:lib/lufa/LUFA/Drivers/USB/Core/ConfigDescriptors.h **** 			 *  }
 251:lib/lufa/LUFA/Drivers/USB/Core/ConfigDescriptors.h **** 			 *  \endcode
 252:lib/lufa/LUFA/Drivers/USB/Core/ConfigDescriptors.h **** 			 */
 253:lib/lufa/LUFA/Drivers/USB/Core/ConfigDescriptors.h **** 			uint8_t USB_GetNextDescriptorComp(uint16_t* const BytesRem,
 254:lib/lufa/LUFA/Drivers/USB/Core/ConfigDescriptors.h **** 			                                  void** const CurrConfigLoc,
 255:lib/lufa/LUFA/Drivers/USB/Core/ConfigDescriptors.h **** 			                                  ConfigComparatorPtr_t const ComparatorRoutine) ATTR_NON_NULL_P
 256:lib/lufa/LUFA/Drivers/USB/Core/ConfigDescriptors.h **** 			                                  ATTR_NON_NULL_PTR_ARG(2) ATTR_NON_NULL_PTR_ARG(3);
 257:lib/lufa/LUFA/Drivers/USB/Core/ConfigDescriptors.h **** 
 258:lib/lufa/LUFA/Drivers/USB/Core/ConfigDescriptors.h **** 		/* Inline Functions: */
 259:lib/lufa/LUFA/Drivers/USB/Core/ConfigDescriptors.h **** 			/** Skips over the current sub-descriptor inside the configuration descriptor, so that the point
 260:lib/lufa/LUFA/Drivers/USB/Core/ConfigDescriptors.h **** 			    points to the next sub-descriptor. The bytes remaining value is automatically decremented.
 261:lib/lufa/LUFA/Drivers/USB/Core/ConfigDescriptors.h **** 			 *
 262:lib/lufa/LUFA/Drivers/USB/Core/ConfigDescriptors.h **** 			 * \param[in,out] BytesRem       Pointer to the number of bytes remaining of the configuration d
 263:lib/lufa/LUFA/Drivers/USB/Core/ConfigDescriptors.h **** 			 * \param[in,out] CurrConfigLoc  Pointer to the current descriptor inside the configuration desc
 264:lib/lufa/LUFA/Drivers/USB/Core/ConfigDescriptors.h **** 			 */
 265:lib/lufa/LUFA/Drivers/USB/Core/ConfigDescriptors.h **** 			static inline void USB_GetNextDescriptor(uint16_t* const BytesRem,
 266:lib/lufa/LUFA/Drivers/USB/Core/ConfigDescriptors.h **** 			                                         void** CurrConfigLoc) ATTR_NON_NULL_PTR_ARG(1) ATTR_NON
 267:lib/lufa/LUFA/Drivers/USB/Core/ConfigDescriptors.h **** 			static inline void USB_GetNextDescriptor(uint16_t* const BytesRem,
 268:lib/lufa/LUFA/Drivers/USB/Core/ConfigDescriptors.h **** 			                                         void** CurrConfigLoc)
 269:lib/lufa/LUFA/Drivers/USB/Core/ConfigDescriptors.h **** 			{
  15               		.loc 1 269 0
  16               		.cfi_startproc
  17               	.LVL0:
  18 0000 CF93      		push r28
  19               	.LCFI0:
  20               		.cfi_def_cfa_offset 3
  21               		.cfi_offset 28, -2
  22 0002 DF93      		push r29
  23               	.LCFI1:
  24               		.cfi_def_cfa_offset 4
  25               		.cfi_offset 29, -3
  26               	/* prologue: function */
  27               	/* frame size = 0 */
  28               	/* stack size = 2 */
  29               	.L__stack_usage = 2
  30 0004 DC01      		movw r26,r24
 270:lib/lufa/LUFA/Drivers/USB/Core/ConfigDescriptors.h **** 				uint16_t CurrDescriptorSize = DESCRIPTOR_CAST(*CurrConfigLoc, USB_Descriptor_Header_t).Size;
  31               		.loc 1 270 0
  32 0006 EB01      		movw r28,r22
  33 0008 E881      		ld r30,Y
  34 000a F981      		ldd r31,Y+1
  35 000c 4081      		ld r20,Z
  36 000e 50E0      		ldi r21,0
  37               	.LVL1:
 271:lib/lufa/LUFA/Drivers/USB/Core/ConfigDescriptors.h **** 
 272:lib/lufa/LUFA/Drivers/USB/Core/ConfigDescriptors.h **** 				if (*BytesRem < CurrDescriptorSize)
  38               		.loc 1 272 0
  39 0010 2D91      		ld r18,X+
  40 0012 3C91      		ld r19,X
  41 0014 1197      		sbiw r26,1
  42 0016 4217      		cp r20,r18
  43 0018 5307      		cpc r21,r19
  44 001a 00F4      		brsh .L2
  45 001c 9A01      		movw r18,r20
  46               	.L2:
  47               	.LVL2:
 273:lib/lufa/LUFA/Drivers/USB/Core/ConfigDescriptors.h **** 				  CurrDescriptorSize = *BytesRem;
 274:lib/lufa/LUFA/Drivers/USB/Core/ConfigDescriptors.h **** 
 275:lib/lufa/LUFA/Drivers/USB/Core/ConfigDescriptors.h **** 				*CurrConfigLoc  = (void*)((uintptr_t)*CurrConfigLoc + CurrDescriptorSize);
  48               		.loc 1 275 0
  49 001e E20F      		add r30,r18
  50 0020 F31F      		adc r31,r19
  51 0022 EB01      		movw r28,r22
  52 0024 F983      		std Y+1,r31
  53 0026 E883      		st Y,r30
 276:lib/lufa/LUFA/Drivers/USB/Core/ConfigDescriptors.h **** 				*BytesRem      -= CurrDescriptorSize;
  54               		.loc 1 276 0
  55 0028 8D91      		ld r24,X+
  56 002a 9C91      		ld r25,X
  57 002c 1197      		sbiw r26,1
  58               	.LVL3:
  59 002e 821B      		sub r24,r18
  60 0030 930B      		sbc r25,r19
  61 0032 8D93      		st X+,r24
  62 0034 9C93      		st X,r25
  63               	/* epilogue start */
 277:lib/lufa/LUFA/Drivers/USB/Core/ConfigDescriptors.h **** 			}
  64               		.loc 1 277 0
  65 0036 DF91      		pop r29
  66 0038 CF91      		pop r28
  67 003a 0895      		ret
  68               		.cfi_endproc
  69               	.LFE87:
  71               		.section	.text.USB_GetNextDescriptorOfType,"ax",@progbits
  72               	.global	USB_GetNextDescriptorOfType
  74               	USB_GetNextDescriptorOfType:
  75               	.LFB88:
  76               		.file 2 "lib/lufa/LUFA/Drivers/USB/Core/ConfigDescriptors.c"
   1:lib/lufa/LUFA/Drivers/USB/Core/ConfigDescriptors.c **** /*
   2:lib/lufa/LUFA/Drivers/USB/Core/ConfigDescriptors.c ****              LUFA Library
   3:lib/lufa/LUFA/Drivers/USB/Core/ConfigDescriptors.c ****      Copyright (C) Dean Camera, 2019.
   4:lib/lufa/LUFA/Drivers/USB/Core/ConfigDescriptors.c **** 
   5:lib/lufa/LUFA/Drivers/USB/Core/ConfigDescriptors.c ****   dean [at] fourwalledcubicle [dot] com
   6:lib/lufa/LUFA/Drivers/USB/Core/ConfigDescriptors.c ****            www.lufa-lib.org
   7:lib/lufa/LUFA/Drivers/USB/Core/ConfigDescriptors.c **** */
   8:lib/lufa/LUFA/Drivers/USB/Core/ConfigDescriptors.c **** 
   9:lib/lufa/LUFA/Drivers/USB/Core/ConfigDescriptors.c **** /*
  10:lib/lufa/LUFA/Drivers/USB/Core/ConfigDescriptors.c ****   Copyright 2019  Dean Camera (dean [at] fourwalledcubicle [dot] com)
  11:lib/lufa/LUFA/Drivers/USB/Core/ConfigDescriptors.c **** 
  12:lib/lufa/LUFA/Drivers/USB/Core/ConfigDescriptors.c ****   Permission to use, copy, modify, distribute, and sell this
  13:lib/lufa/LUFA/Drivers/USB/Core/ConfigDescriptors.c ****   software and its documentation for any purpose is hereby granted
  14:lib/lufa/LUFA/Drivers/USB/Core/ConfigDescriptors.c ****   without fee, provided that the above copyright notice appear in
  15:lib/lufa/LUFA/Drivers/USB/Core/ConfigDescriptors.c ****   all copies and that both that the copyright notice and this
  16:lib/lufa/LUFA/Drivers/USB/Core/ConfigDescriptors.c ****   permission notice and warranty disclaimer appear in supporting
  17:lib/lufa/LUFA/Drivers/USB/Core/ConfigDescriptors.c ****   documentation, and that the name of the author not be used in
  18:lib/lufa/LUFA/Drivers/USB/Core/ConfigDescriptors.c ****   advertising or publicity pertaining to distribution of the
  19:lib/lufa/LUFA/Drivers/USB/Core/ConfigDescriptors.c ****   software without specific, written prior permission.
  20:lib/lufa/LUFA/Drivers/USB/Core/ConfigDescriptors.c **** 
  21:lib/lufa/LUFA/Drivers/USB/Core/ConfigDescriptors.c ****   The author disclaims all warranties with regard to this
  22:lib/lufa/LUFA/Drivers/USB/Core/ConfigDescriptors.c ****   software, including all implied warranties of merchantability
  23:lib/lufa/LUFA/Drivers/USB/Core/ConfigDescriptors.c ****   and fitness.  In no event shall the author be liable for any
  24:lib/lufa/LUFA/Drivers/USB/Core/ConfigDescriptors.c ****   special, indirect or consequential damages or any damages
  25:lib/lufa/LUFA/Drivers/USB/Core/ConfigDescriptors.c ****   whatsoever resulting from loss of use, data or profits, whether
  26:lib/lufa/LUFA/Drivers/USB/Core/ConfigDescriptors.c ****   in an action of contract, negligence or other tortious action,
  27:lib/lufa/LUFA/Drivers/USB/Core/ConfigDescriptors.c ****   arising out of or in connection with the use or performance of
  28:lib/lufa/LUFA/Drivers/USB/Core/ConfigDescriptors.c ****   this software.
  29:lib/lufa/LUFA/Drivers/USB/Core/ConfigDescriptors.c **** */
  30:lib/lufa/LUFA/Drivers/USB/Core/ConfigDescriptors.c **** 
  31:lib/lufa/LUFA/Drivers/USB/Core/ConfigDescriptors.c **** #define  __INCLUDE_FROM_USB_DRIVER
  32:lib/lufa/LUFA/Drivers/USB/Core/ConfigDescriptors.c **** #include "ConfigDescriptors.h"
  33:lib/lufa/LUFA/Drivers/USB/Core/ConfigDescriptors.c **** 
  34:lib/lufa/LUFA/Drivers/USB/Core/ConfigDescriptors.c **** #if defined(USB_CAN_BE_HOST)
  35:lib/lufa/LUFA/Drivers/USB/Core/ConfigDescriptors.c **** uint8_t USB_Host_GetDeviceConfigDescriptor(const uint8_t ConfigNumber,
  36:lib/lufa/LUFA/Drivers/USB/Core/ConfigDescriptors.c ****                                            uint16_t* const ConfigSizePtr,
  37:lib/lufa/LUFA/Drivers/USB/Core/ConfigDescriptors.c ****                                            void* const BufferPtr,
  38:lib/lufa/LUFA/Drivers/USB/Core/ConfigDescriptors.c ****                                            const uint16_t BufferSize)
  39:lib/lufa/LUFA/Drivers/USB/Core/ConfigDescriptors.c **** {
  40:lib/lufa/LUFA/Drivers/USB/Core/ConfigDescriptors.c **** 	uint8_t ErrorCode;
  41:lib/lufa/LUFA/Drivers/USB/Core/ConfigDescriptors.c **** 	uint8_t ConfigHeader[sizeof(USB_Descriptor_Configuration_Header_t)];
  42:lib/lufa/LUFA/Drivers/USB/Core/ConfigDescriptors.c **** 
  43:lib/lufa/LUFA/Drivers/USB/Core/ConfigDescriptors.c **** 	USB_ControlRequest = (USB_Request_Header_t)
  44:lib/lufa/LUFA/Drivers/USB/Core/ConfigDescriptors.c **** 		{
  45:lib/lufa/LUFA/Drivers/USB/Core/ConfigDescriptors.c **** 			.bmRequestType = (REQDIR_DEVICETOHOST | REQTYPE_STANDARD | REQREC_DEVICE),
  46:lib/lufa/LUFA/Drivers/USB/Core/ConfigDescriptors.c **** 			.bRequest      = REQ_GetDescriptor,
  47:lib/lufa/LUFA/Drivers/USB/Core/ConfigDescriptors.c **** 			.wValue        = ((DTYPE_Configuration << 8) | (ConfigNumber - 1)),
  48:lib/lufa/LUFA/Drivers/USB/Core/ConfigDescriptors.c **** 			.wIndex        = 0,
  49:lib/lufa/LUFA/Drivers/USB/Core/ConfigDescriptors.c **** 			.wLength       = sizeof(USB_Descriptor_Configuration_Header_t),
  50:lib/lufa/LUFA/Drivers/USB/Core/ConfigDescriptors.c **** 		};
  51:lib/lufa/LUFA/Drivers/USB/Core/ConfigDescriptors.c **** 
  52:lib/lufa/LUFA/Drivers/USB/Core/ConfigDescriptors.c **** 	Pipe_SelectPipe(PIPE_CONTROLPIPE);
  53:lib/lufa/LUFA/Drivers/USB/Core/ConfigDescriptors.c **** 
  54:lib/lufa/LUFA/Drivers/USB/Core/ConfigDescriptors.c **** 	if ((ErrorCode = USB_Host_SendControlRequest(ConfigHeader)) != HOST_SENDCONTROL_Successful)
  55:lib/lufa/LUFA/Drivers/USB/Core/ConfigDescriptors.c **** 	  return ErrorCode;
  56:lib/lufa/LUFA/Drivers/USB/Core/ConfigDescriptors.c **** 
  57:lib/lufa/LUFA/Drivers/USB/Core/ConfigDescriptors.c **** 	*ConfigSizePtr = le16_to_cpu(DESCRIPTOR_PCAST(ConfigHeader, USB_Descriptor_Configuration_Header_t)
  58:lib/lufa/LUFA/Drivers/USB/Core/ConfigDescriptors.c **** 
  59:lib/lufa/LUFA/Drivers/USB/Core/ConfigDescriptors.c **** 	if (*ConfigSizePtr > BufferSize)
  60:lib/lufa/LUFA/Drivers/USB/Core/ConfigDescriptors.c **** 	  return HOST_GETCONFIG_BuffOverflow;
  61:lib/lufa/LUFA/Drivers/USB/Core/ConfigDescriptors.c **** 
  62:lib/lufa/LUFA/Drivers/USB/Core/ConfigDescriptors.c **** 	USB_ControlRequest.wLength = *ConfigSizePtr;
  63:lib/lufa/LUFA/Drivers/USB/Core/ConfigDescriptors.c **** 
  64:lib/lufa/LUFA/Drivers/USB/Core/ConfigDescriptors.c **** 	if ((ErrorCode = USB_Host_SendControlRequest(BufferPtr)) != HOST_SENDCONTROL_Successful)
  65:lib/lufa/LUFA/Drivers/USB/Core/ConfigDescriptors.c **** 	  return ErrorCode;
  66:lib/lufa/LUFA/Drivers/USB/Core/ConfigDescriptors.c **** 
  67:lib/lufa/LUFA/Drivers/USB/Core/ConfigDescriptors.c **** 	if (DESCRIPTOR_TYPE(BufferPtr) != DTYPE_Configuration)
  68:lib/lufa/LUFA/Drivers/USB/Core/ConfigDescriptors.c **** 	  return HOST_GETCONFIG_InvalidData;
  69:lib/lufa/LUFA/Drivers/USB/Core/ConfigDescriptors.c **** 
  70:lib/lufa/LUFA/Drivers/USB/Core/ConfigDescriptors.c **** 	return HOST_GETCONFIG_Successful;
  71:lib/lufa/LUFA/Drivers/USB/Core/ConfigDescriptors.c **** }
  72:lib/lufa/LUFA/Drivers/USB/Core/ConfigDescriptors.c **** #endif
  73:lib/lufa/LUFA/Drivers/USB/Core/ConfigDescriptors.c **** 
  74:lib/lufa/LUFA/Drivers/USB/Core/ConfigDescriptors.c **** void USB_GetNextDescriptorOfType(uint16_t* const BytesRem,
  75:lib/lufa/LUFA/Drivers/USB/Core/ConfigDescriptors.c ****                                  void** const CurrConfigLoc,
  76:lib/lufa/LUFA/Drivers/USB/Core/ConfigDescriptors.c ****                                  const uint8_t Type)
  77:lib/lufa/LUFA/Drivers/USB/Core/ConfigDescriptors.c **** {
  77               		.loc 2 77 0
  78               		.cfi_startproc
  79               	.LVL4:
  80 0000 EF92      		push r14
  81               	.LCFI2:
  82               		.cfi_def_cfa_offset 3
  83               		.cfi_offset 14, -2
  84 0002 FF92      		push r15
  85               	.LCFI3:
  86               		.cfi_def_cfa_offset 4
  87               		.cfi_offset 15, -3
  88 0004 0F93      		push r16
  89               	.LCFI4:
  90               		.cfi_def_cfa_offset 5
  91               		.cfi_offset 16, -4
  92 0006 1F93      		push r17
  93               	.LCFI5:
  94               		.cfi_def_cfa_offset 6
  95               		.cfi_offset 17, -5
  96 0008 CF93      		push r28
  97               	.LCFI6:
  98               		.cfi_def_cfa_offset 7
  99               		.cfi_offset 28, -6
 100 000a DF93      		push r29
 101               	.LCFI7:
 102               		.cfi_def_cfa_offset 8
 103               		.cfi_offset 29, -7
 104 000c 1F92      		push __zero_reg__
 105               	.LCFI8:
 106               		.cfi_def_cfa_offset 9
 107 000e CDB7      		in r28,__SP_L__
 108 0010 DEB7      		in r29,__SP_H__
 109               	.LCFI9:
 110               		.cfi_def_cfa_register 28
 111               	/* prologue: function */
 112               	/* frame size = 1 */
 113               	/* stack size = 7 */
 114               	.L__stack_usage = 7
 115 0012 7C01      		movw r14,r24
 116 0014 8B01      		movw r16,r22
 117               	.LVL5:
 118               	.L5:
  78:lib/lufa/LUFA/Drivers/USB/Core/ConfigDescriptors.c **** 	while (*BytesRem)
 119               		.loc 2 78 0
 120 0016 F701      		movw r30,r14
 121 0018 8081      		ld r24,Z
 122 001a 9181      		ldd r25,Z+1
 123 001c 892B      		or r24,r25
 124 001e 01F0      		breq .L4
  79:lib/lufa/LUFA/Drivers/USB/Core/ConfigDescriptors.c **** 	{
  80:lib/lufa/LUFA/Drivers/USB/Core/ConfigDescriptors.c **** 		USB_GetNextDescriptor(BytesRem, CurrConfigLoc);
 125               		.loc 2 80 0
 126 0020 B801      		movw r22,r16
 127 0022 C701      		movw r24,r14
 128 0024 4983      		std Y+1,r20
 129 0026 0E94 0000 		call USB_GetNextDescriptor
 130               	.LVL6:
  81:lib/lufa/LUFA/Drivers/USB/Core/ConfigDescriptors.c **** 
  82:lib/lufa/LUFA/Drivers/USB/Core/ConfigDescriptors.c **** 		if (DESCRIPTOR_TYPE(*CurrConfigLoc) == Type)
 131               		.loc 2 82 0
 132 002a D801      		movw r26,r16
 133 002c ED91      		ld r30,X+
 134 002e FC91      		ld r31,X
 135 0030 8181      		ldd r24,Z+1
 136 0032 4981      		ldd r20,Y+1
 137 0034 8413      		cpse r24,r20
 138 0036 00C0      		rjmp .L5
 139               	.L4:
 140               	/* epilogue start */
  83:lib/lufa/LUFA/Drivers/USB/Core/ConfigDescriptors.c **** 		  return;
  84:lib/lufa/LUFA/Drivers/USB/Core/ConfigDescriptors.c **** 	}
  85:lib/lufa/LUFA/Drivers/USB/Core/ConfigDescriptors.c **** }
 141               		.loc 2 85 0
 142 0038 0F90      		pop __tmp_reg__
 143 003a DF91      		pop r29
 144 003c CF91      		pop r28
 145 003e 1F91      		pop r17
 146 0040 0F91      		pop r16
 147               	.LVL7:
 148 0042 FF90      		pop r15
 149 0044 EF90      		pop r14
 150               	.LVL8:
 151 0046 0895      		ret
 152               		.cfi_endproc
 153               	.LFE88:
 155               		.section	.text.USB_GetNextDescriptorOfTypeBefore,"ax",@progbits
 156               	.global	USB_GetNextDescriptorOfTypeBefore
 158               	USB_GetNextDescriptorOfTypeBefore:
 159               	.LFB89:
  86:lib/lufa/LUFA/Drivers/USB/Core/ConfigDescriptors.c **** 
  87:lib/lufa/LUFA/Drivers/USB/Core/ConfigDescriptors.c **** void USB_GetNextDescriptorOfTypeBefore(uint16_t* const BytesRem,
  88:lib/lufa/LUFA/Drivers/USB/Core/ConfigDescriptors.c ****                                        void** const CurrConfigLoc,
  89:lib/lufa/LUFA/Drivers/USB/Core/ConfigDescriptors.c ****                                        const uint8_t Type,
  90:lib/lufa/LUFA/Drivers/USB/Core/ConfigDescriptors.c ****                                        const uint8_t BeforeType)
  91:lib/lufa/LUFA/Drivers/USB/Core/ConfigDescriptors.c **** {
 160               		.loc 2 91 0
 161               		.cfi_startproc
 162               	.LVL9:
 163 0000 EF92      		push r14
 164               	.LCFI10:
 165               		.cfi_def_cfa_offset 3
 166               		.cfi_offset 14, -2
 167 0002 FF92      		push r15
 168               	.LCFI11:
 169               		.cfi_def_cfa_offset 4
 170               		.cfi_offset 15, -3
 171 0004 0F93      		push r16
 172               	.LCFI12:
 173               		.cfi_def_cfa_offset 5
 174               		.cfi_offset 16, -4
 175 0006 1F93      		push r17
 176               	.LCFI13:
 177               		.cfi_def_cfa_offset 6
 178               		.cfi_offset 17, -5
 179 0008 CF93      		push r28
 180               	.LCFI14:
 181               		.cfi_def_cfa_offset 7
 182               		.cfi_offset 28, -6
 183 000a DF93      		push r29
 184               	.LCFI15:
 185               		.cfi_def_cfa_offset 8
 186               		.cfi_offset 29, -7
 187 000c 00D0      		rcall .
 188               	.LCFI16:
 189               		.cfi_def_cfa_offset 10
 190 000e CDB7      		in r28,__SP_L__
 191 0010 DEB7      		in r29,__SP_H__
 192               	.LCFI17:
 193               		.cfi_def_cfa_register 28
 194               	/* prologue: function */
 195               	/* frame size = 2 */
 196               	/* stack size = 8 */
 197               	.L__stack_usage = 8
 198 0012 7C01      		movw r14,r24
 199 0014 8B01      		movw r16,r22
 200               	.LVL10:
 201               	.L10:
  92:lib/lufa/LUFA/Drivers/USB/Core/ConfigDescriptors.c **** 	while (*BytesRem)
 202               		.loc 2 92 0
 203 0016 D701      		movw r26,r14
 204 0018 8D91      		ld r24,X+
 205 001a 9C91      		ld r25,X
 206 001c 892B      		or r24,r25
 207 001e 01F0      		breq .L9
  93:lib/lufa/LUFA/Drivers/USB/Core/ConfigDescriptors.c **** 	{
  94:lib/lufa/LUFA/Drivers/USB/Core/ConfigDescriptors.c **** 		USB_GetNextDescriptor(BytesRem, CurrConfigLoc);
 208               		.loc 2 94 0
 209 0020 B801      		movw r22,r16
 210 0022 C701      		movw r24,r14
 211 0024 2A83      		std Y+2,r18
 212 0026 4983      		std Y+1,r20
 213 0028 0E94 0000 		call USB_GetNextDescriptor
 214               	.LVL11:
  95:lib/lufa/LUFA/Drivers/USB/Core/ConfigDescriptors.c **** 
  96:lib/lufa/LUFA/Drivers/USB/Core/ConfigDescriptors.c **** 		if (DESCRIPTOR_TYPE(*CurrConfigLoc) == Type)
 215               		.loc 2 96 0
 216 002c D801      		movw r26,r16
 217 002e ED91      		ld r30,X+
 218 0030 FC91      		ld r31,X
 219 0032 8181      		ldd r24,Z+1
 220 0034 4981      		ldd r20,Y+1
 221 0036 2A81      		ldd r18,Y+2
 222 0038 8417      		cp r24,r20
 223 003a 01F0      		breq .L9
  97:lib/lufa/LUFA/Drivers/USB/Core/ConfigDescriptors.c **** 		{
  98:lib/lufa/LUFA/Drivers/USB/Core/ConfigDescriptors.c **** 			return;
  99:lib/lufa/LUFA/Drivers/USB/Core/ConfigDescriptors.c **** 		}
 100:lib/lufa/LUFA/Drivers/USB/Core/ConfigDescriptors.c **** 		else if (DESCRIPTOR_TYPE(*CurrConfigLoc) == BeforeType)
 224               		.loc 2 100 0
 225 003c 8213      		cpse r24,r18
 226 003e 00C0      		rjmp .L10
 101:lib/lufa/LUFA/Drivers/USB/Core/ConfigDescriptors.c **** 		{
 102:lib/lufa/LUFA/Drivers/USB/Core/ConfigDescriptors.c **** 			*BytesRem = 0;
 227               		.loc 2 102 0
 228 0040 F701      		movw r30,r14
 229 0042 1182      		std Z+1,__zero_reg__
 230 0044 1082      		st Z,__zero_reg__
 231               	.L9:
 232               	/* epilogue start */
 103:lib/lufa/LUFA/Drivers/USB/Core/ConfigDescriptors.c **** 			return;
 104:lib/lufa/LUFA/Drivers/USB/Core/ConfigDescriptors.c **** 		}
 105:lib/lufa/LUFA/Drivers/USB/Core/ConfigDescriptors.c **** 	}
 106:lib/lufa/LUFA/Drivers/USB/Core/ConfigDescriptors.c **** }
 233               		.loc 2 106 0
 234 0046 0F90      		pop __tmp_reg__
 235 0048 0F90      		pop __tmp_reg__
 236 004a DF91      		pop r29
 237 004c CF91      		pop r28
 238 004e 1F91      		pop r17
 239 0050 0F91      		pop r16
 240               	.LVL12:
 241 0052 FF90      		pop r15
 242 0054 EF90      		pop r14
 243               	.LVL13:
 244 0056 0895      		ret
 245               		.cfi_endproc
 246               	.LFE89:
 248               		.section	.text.USB_GetNextDescriptorOfTypeAfter,"ax",@progbits
 249               	.global	USB_GetNextDescriptorOfTypeAfter
 251               	USB_GetNextDescriptorOfTypeAfter:
 252               	.LFB90:
 107:lib/lufa/LUFA/Drivers/USB/Core/ConfigDescriptors.c **** 
 108:lib/lufa/LUFA/Drivers/USB/Core/ConfigDescriptors.c **** void USB_GetNextDescriptorOfTypeAfter(uint16_t* const BytesRem,
 109:lib/lufa/LUFA/Drivers/USB/Core/ConfigDescriptors.c ****                                       void** const CurrConfigLoc,
 110:lib/lufa/LUFA/Drivers/USB/Core/ConfigDescriptors.c ****                                       const uint8_t Type,
 111:lib/lufa/LUFA/Drivers/USB/Core/ConfigDescriptors.c ****                                       const uint8_t AfterType)
 112:lib/lufa/LUFA/Drivers/USB/Core/ConfigDescriptors.c **** {
 253               		.loc 2 112 0
 254               		.cfi_startproc
 255               	.LVL14:
 256 0000 FF92      		push r15
 257               	.LCFI18:
 258               		.cfi_def_cfa_offset 3
 259               		.cfi_offset 15, -2
 260 0002 0F93      		push r16
 261               	.LCFI19:
 262               		.cfi_def_cfa_offset 4
 263               		.cfi_offset 16, -3
 264 0004 1F93      		push r17
 265               	.LCFI20:
 266               		.cfi_def_cfa_offset 5
 267               		.cfi_offset 17, -4
 268 0006 CF93      		push r28
 269               	.LCFI21:
 270               		.cfi_def_cfa_offset 6
 271               		.cfi_offset 28, -5
 272 0008 DF93      		push r29
 273               	.LCFI22:
 274               		.cfi_def_cfa_offset 7
 275               		.cfi_offset 29, -6
 276               	/* prologue: function */
 277               	/* frame size = 0 */
 278               	/* stack size = 5 */
 279               	.L__stack_usage = 5
 280 000a EC01      		movw r28,r24
 281 000c 8B01      		movw r16,r22
 282 000e F42E      		mov r15,r20
 113:lib/lufa/LUFA/Drivers/USB/Core/ConfigDescriptors.c **** 	USB_GetNextDescriptorOfType(BytesRem, CurrConfigLoc, AfterType);
 283               		.loc 2 113 0
 284 0010 422F      		mov r20,r18
 285               	.LVL15:
 286 0012 0E94 0000 		call USB_GetNextDescriptorOfType
 287               	.LVL16:
 114:lib/lufa/LUFA/Drivers/USB/Core/ConfigDescriptors.c **** 
 115:lib/lufa/LUFA/Drivers/USB/Core/ConfigDescriptors.c **** 	if (*BytesRem)
 288               		.loc 2 115 0
 289 0016 8881      		ld r24,Y
 290 0018 9981      		ldd r25,Y+1
 291 001a 892B      		or r24,r25
 292 001c 01F0      		breq .L16
 116:lib/lufa/LUFA/Drivers/USB/Core/ConfigDescriptors.c **** 	  USB_GetNextDescriptorOfType(BytesRem, CurrConfigLoc, Type);
 293               		.loc 2 116 0
 294 001e 4F2D      		mov r20,r15
 295 0020 B801      		movw r22,r16
 296 0022 CE01      		movw r24,r28
 297               	/* epilogue start */
 117:lib/lufa/LUFA/Drivers/USB/Core/ConfigDescriptors.c **** }
 298               		.loc 2 117 0
 299 0024 DF91      		pop r29
 300 0026 CF91      		pop r28
 301               	.LVL17:
 302 0028 1F91      		pop r17
 303 002a 0F91      		pop r16
 304               	.LVL18:
 305 002c FF90      		pop r15
 306               	.LVL19:
 116:lib/lufa/LUFA/Drivers/USB/Core/ConfigDescriptors.c **** 	  USB_GetNextDescriptorOfType(BytesRem, CurrConfigLoc, Type);
 307               		.loc 2 116 0
 308 002e 0C94 0000 		jmp USB_GetNextDescriptorOfType
 309               	.LVL20:
 310               	.L16:
 311               	/* epilogue start */
 312               		.loc 2 117 0
 313 0032 DF91      		pop r29
 314 0034 CF91      		pop r28
 315               	.LVL21:
 316 0036 1F91      		pop r17
 317 0038 0F91      		pop r16
 318               	.LVL22:
 319 003a FF90      		pop r15
 320               	.LVL23:
 321 003c 0895      		ret
 322               		.cfi_endproc
 323               	.LFE90:
 325               		.section	.text.USB_GetNextDescriptorComp,"ax",@progbits
 326               	.global	USB_GetNextDescriptorComp
 328               	USB_GetNextDescriptorComp:
 329               	.LFB91:
 118:lib/lufa/LUFA/Drivers/USB/Core/ConfigDescriptors.c **** 
 119:lib/lufa/LUFA/Drivers/USB/Core/ConfigDescriptors.c **** uint8_t USB_GetNextDescriptorComp(uint16_t* const BytesRem,
 120:lib/lufa/LUFA/Drivers/USB/Core/ConfigDescriptors.c ****                                   void** const CurrConfigLoc,
 121:lib/lufa/LUFA/Drivers/USB/Core/ConfigDescriptors.c ****                                   ConfigComparatorPtr_t const ComparatorRoutine)
 122:lib/lufa/LUFA/Drivers/USB/Core/ConfigDescriptors.c **** {
 330               		.loc 2 122 0
 331               		.cfi_startproc
 332               	.LVL24:
 333 0000 AF92      		push r10
 334               	.LCFI23:
 335               		.cfi_def_cfa_offset 3
 336               		.cfi_offset 10, -2
 337 0002 BF92      		push r11
 338               	.LCFI24:
 339               		.cfi_def_cfa_offset 4
 340               		.cfi_offset 11, -3
 341 0004 CF92      		push r12
 342               	.LCFI25:
 343               		.cfi_def_cfa_offset 5
 344               		.cfi_offset 12, -4
 345 0006 DF92      		push r13
 346               	.LCFI26:
 347               		.cfi_def_cfa_offset 6
 348               		.cfi_offset 13, -5
 349 0008 EF92      		push r14
 350               	.LCFI27:
 351               		.cfi_def_cfa_offset 7
 352               		.cfi_offset 14, -6
 353 000a FF92      		push r15
 354               	.LCFI28:
 355               		.cfi_def_cfa_offset 8
 356               		.cfi_offset 15, -7
 357 000c 0F93      		push r16
 358               	.LCFI29:
 359               		.cfi_def_cfa_offset 9
 360               		.cfi_offset 16, -8
 361 000e 1F93      		push r17
 362               	.LCFI30:
 363               		.cfi_def_cfa_offset 10
 364               		.cfi_offset 17, -9
 365 0010 CF93      		push r28
 366               	.LCFI31:
 367               		.cfi_def_cfa_offset 11
 368               		.cfi_offset 28, -10
 369 0012 DF93      		push r29
 370               	.LCFI32:
 371               		.cfi_def_cfa_offset 12
 372               		.cfi_offset 29, -11
 373               	/* prologue: function */
 374               	/* frame size = 0 */
 375               	/* stack size = 10 */
 376               	.L__stack_usage = 10
 377 0014 8C01      		movw r16,r24
 378 0016 EB01      		movw r28,r22
 379 0018 6A01      		movw r12,r20
 380               	.LVL25:
 381               	.L19:
 123:lib/lufa/LUFA/Drivers/USB/Core/ConfigDescriptors.c **** 	uint8_t ErrorCode;
 124:lib/lufa/LUFA/Drivers/USB/Core/ConfigDescriptors.c **** 
 125:lib/lufa/LUFA/Drivers/USB/Core/ConfigDescriptors.c **** 	while (*BytesRem)
 382               		.loc 2 125 0
 383 001a F801      		movw r30,r16
 384 001c E080      		ld r14,Z
 385 001e F180      		ldd r15,Z+1
 386 0020 E114      		cp r14,__zero_reg__
 387 0022 F104      		cpc r15,__zero_reg__
 388 0024 01F0      		breq .L25
 389               	.LBB2:
 126:lib/lufa/LUFA/Drivers/USB/Core/ConfigDescriptors.c **** 	{
 127:lib/lufa/LUFA/Drivers/USB/Core/ConfigDescriptors.c **** 		uint8_t* PrevDescLoc  = *CurrConfigLoc;
 390               		.loc 2 127 0
 391 0026 A880      		ld r10,Y
 392 0028 B980      		ldd r11,Y+1
 393               	.LVL26:
 128:lib/lufa/LUFA/Drivers/USB/Core/ConfigDescriptors.c **** 		uint16_t PrevBytesRem = *BytesRem;
 129:lib/lufa/LUFA/Drivers/USB/Core/ConfigDescriptors.c **** 
 130:lib/lufa/LUFA/Drivers/USB/Core/ConfigDescriptors.c **** 		USB_GetNextDescriptor(BytesRem, CurrConfigLoc);
 394               		.loc 2 130 0
 395 002a BE01      		movw r22,r28
 396 002c C801      		movw r24,r16
 397 002e 0E94 0000 		call USB_GetNextDescriptor
 398               	.LVL27:
 131:lib/lufa/LUFA/Drivers/USB/Core/ConfigDescriptors.c **** 
 132:lib/lufa/LUFA/Drivers/USB/Core/ConfigDescriptors.c **** 		if ((ErrorCode = ComparatorRoutine(*CurrConfigLoc)) != DESCRIPTOR_SEARCH_NotFound)
 399               		.loc 2 132 0
 400 0032 8881      		ld r24,Y
 401 0034 9981      		ldd r25,Y+1
 402 0036 F601      		movw r30,r12
 403 0038 0995      		icall
 404               	.LVL28:
 405 003a 8230      		cpi r24,lo8(2)
 406 003c 01F0      		breq .L19
 133:lib/lufa/LUFA/Drivers/USB/Core/ConfigDescriptors.c **** 		{
 134:lib/lufa/LUFA/Drivers/USB/Core/ConfigDescriptors.c **** 			if (ErrorCode == DESCRIPTOR_SEARCH_Fail)
 407               		.loc 2 134 0
 408 003e 8130      		cpi r24,lo8(1)
 409 0040 01F4      		brne .L21
 135:lib/lufa/LUFA/Drivers/USB/Core/ConfigDescriptors.c **** 			{
 136:lib/lufa/LUFA/Drivers/USB/Core/ConfigDescriptors.c **** 				*CurrConfigLoc = PrevDescLoc;
 410               		.loc 2 136 0
 411 0042 B982      		std Y+1,r11
 412 0044 A882      		st Y,r10
 137:lib/lufa/LUFA/Drivers/USB/Core/ConfigDescriptors.c **** 				*BytesRem      = PrevBytesRem;
 413               		.loc 2 137 0
 414 0046 F801      		movw r30,r16
 415 0048 F182      		std Z+1,r15
 416 004a E082      		st Z,r14
 138:lib/lufa/LUFA/Drivers/USB/Core/ConfigDescriptors.c **** 			}
 139:lib/lufa/LUFA/Drivers/USB/Core/ConfigDescriptors.c **** 
 140:lib/lufa/LUFA/Drivers/USB/Core/ConfigDescriptors.c **** 			return ErrorCode;
 417               		.loc 2 140 0
 418 004c 00C0      		rjmp .L21
 419               	.LVL29:
 420               	.L25:
 421               	.LBE2:
 141:lib/lufa/LUFA/Drivers/USB/Core/ConfigDescriptors.c **** 		}
 142:lib/lufa/LUFA/Drivers/USB/Core/ConfigDescriptors.c **** 	}
 143:lib/lufa/LUFA/Drivers/USB/Core/ConfigDescriptors.c **** 
 144:lib/lufa/LUFA/Drivers/USB/Core/ConfigDescriptors.c **** 	return DESCRIPTOR_SEARCH_COMP_EndOfDescriptor;
 422               		.loc 2 144 0
 423 004e 82E0      		ldi r24,lo8(2)
 424               	.L21:
 425               	/* epilogue start */
 145:lib/lufa/LUFA/Drivers/USB/Core/ConfigDescriptors.c **** }
 426               		.loc 2 145 0
 427 0050 DF91      		pop r29
 428 0052 CF91      		pop r28
 429               	.LVL30:
 430 0054 1F91      		pop r17
 431 0056 0F91      		pop r16
 432               	.LVL31:
 433 0058 FF90      		pop r15
 434 005a EF90      		pop r14
 435 005c DF90      		pop r13
 436 005e CF90      		pop r12
 437               	.LVL32:
 438 0060 BF90      		pop r11
 439 0062 AF90      		pop r10
 440 0064 0895      		ret
 441               		.cfi_endproc
 442               	.LFE91:
 444               		.text
 445               	.Letext0:
 446               		.file 3 "/usr/lib/avr/include/stdint.h"
 447               		.file 4 "lib/lufa/LUFA/Drivers/USB/Core/AVR8/../StdDescriptors.h"
DEFINED SYMBOLS
                            *ABS*:0000000000000000 ConfigDescriptors.c
     /tmp/cczrlPuS.s:2      *ABS*:000000000000003e __SP_H__
     /tmp/cczrlPuS.s:3      *ABS*:000000000000003d __SP_L__
     /tmp/cczrlPuS.s:4      *ABS*:000000000000003f __SREG__
     /tmp/cczrlPuS.s:5      *ABS*:0000000000000000 __tmp_reg__
     /tmp/cczrlPuS.s:6      *ABS*:0000000000000001 __zero_reg__
     /tmp/cczrlPuS.s:12     .text.USB_GetNextDescriptor:0000000000000000 USB_GetNextDescriptor
     /tmp/cczrlPuS.s:74     .text.USB_GetNextDescriptorOfType:0000000000000000 USB_GetNextDescriptorOfType
     /tmp/cczrlPuS.s:158    .text.USB_GetNextDescriptorOfTypeBefore:0000000000000000 USB_GetNextDescriptorOfTypeBefore
     /tmp/cczrlPuS.s:251    .text.USB_GetNextDescriptorOfTypeAfter:0000000000000000 USB_GetNextDescriptorOfTypeAfter
     /tmp/cczrlPuS.s:328    .text.USB_GetNextDescriptorComp:0000000000000000 USB_GetNextDescriptorComp

NO UNDEFINED SYMBOLS
