   1               		.file	"host.c"
   2               	__SP_H__ = 0x3e
   3               	__SP_L__ = 0x3d
   4               	__SREG__ = 0x3f
   5               	__tmp_reg__ = 0
   6               	__zero_reg__ = 1
   7               		.text
   8               	.Ltext0:
   9               		.cfi_sections	.debug_frame
  10               		.section	.text.host_set_driver,"ax",@progbits
  11               	.global	host_set_driver
  13               	host_set_driver:
  14               	.LFB0:
  15               		.file 1 "tmk_core/common/host.c"
   1:tmk_core/common/host.c **** /*
   2:tmk_core/common/host.c **** Copyright 2011,2012 Jun Wako <wakojun@gmail.com>
   3:tmk_core/common/host.c **** 
   4:tmk_core/common/host.c **** This program is free software: you can redistribute it and/or modify
   5:tmk_core/common/host.c **** it under the terms of the GNU General Public License as published by
   6:tmk_core/common/host.c **** the Free Software Foundation, either version 2 of the License, or
   7:tmk_core/common/host.c **** (at your option) any later version.
   8:tmk_core/common/host.c **** 
   9:tmk_core/common/host.c **** This program is distributed in the hope that it will be useful,
  10:tmk_core/common/host.c **** but WITHOUT ANY WARRANTY; without even the implied warranty of
  11:tmk_core/common/host.c **** MERCHANTABILITY or FITNESS FOR A PARTICULAR PURPOSE.  See the
  12:tmk_core/common/host.c **** GNU General Public License for more details.
  13:tmk_core/common/host.c **** 
  14:tmk_core/common/host.c **** You should have received a copy of the GNU General Public License
  15:tmk_core/common/host.c **** along with this program.  If not, see <http://www.gnu.org/licenses/>.
  16:tmk_core/common/host.c **** */
  17:tmk_core/common/host.c **** 
  18:tmk_core/common/host.c **** #include <stdint.h>
  19:tmk_core/common/host.c **** //#include <avr/interrupt.h>
  20:tmk_core/common/host.c **** #include "keycode.h"
  21:tmk_core/common/host.c **** #include "host.h"
  22:tmk_core/common/host.c **** #include "util.h"
  23:tmk_core/common/host.c **** #include "debug.h"
  24:tmk_core/common/host.c **** 
  25:tmk_core/common/host.c **** #ifdef NKRO_ENABLE
  26:tmk_core/common/host.c **** #    include "keycode_config.h"
  27:tmk_core/common/host.c **** extern keymap_config_t keymap_config;
  28:tmk_core/common/host.c **** #endif
  29:tmk_core/common/host.c **** 
  30:tmk_core/common/host.c **** static host_driver_t *driver;
  31:tmk_core/common/host.c **** static uint16_t       last_system_report   = 0;
  32:tmk_core/common/host.c **** static uint16_t       last_consumer_report = 0;
  33:tmk_core/common/host.c **** 
  34:tmk_core/common/host.c **** void host_set_driver(host_driver_t *d) { driver = d; }
  16               		.loc 1 34 0
  17               		.cfi_startproc
  18               	.LVL0:
  19               	/* prologue: function */
  20               	/* frame size = 0 */
  21               	/* stack size = 0 */
  22               	.L__stack_usage = 0
  23               		.loc 1 34 0
  24 0000 9093 0000 		sts driver+1,r25
  25 0004 8093 0000 		sts driver,r24
  26 0008 0895      		ret
  27               		.cfi_endproc
  28               	.LFE0:
  30               		.section	.text.host_get_driver,"ax",@progbits
  31               	.global	host_get_driver
  33               	host_get_driver:
  34               	.LFB1:
  35:tmk_core/common/host.c **** 
  36:tmk_core/common/host.c **** host_driver_t *host_get_driver(void) { return driver; }
  35               		.loc 1 36 0
  36               		.cfi_startproc
  37               	/* prologue: function */
  38               	/* frame size = 0 */
  39               	/* stack size = 0 */
  40               	.L__stack_usage = 0
  41               		.loc 1 36 0
  42 0000 8091 0000 		lds r24,driver
  43 0004 9091 0000 		lds r25,driver+1
  44 0008 0895      		ret
  45               		.cfi_endproc
  46               	.LFE1:
  48               		.section	.text.host_keyboard_leds,"ax",@progbits
  49               	.global	host_keyboard_leds
  51               	host_keyboard_leds:
  52               	.LFB2:
  37:tmk_core/common/host.c **** 
  38:tmk_core/common/host.c **** uint8_t host_keyboard_leds(void) {
  53               		.loc 1 38 0
  54               		.cfi_startproc
  55               	/* prologue: function */
  56               	/* frame size = 0 */
  57               	/* stack size = 0 */
  58               	.L__stack_usage = 0
  39:tmk_core/common/host.c ****     if (!driver) return 0;
  59               		.loc 1 39 0
  60 0000 E091 0000 		lds r30,driver
  61 0004 F091 0000 		lds r31,driver+1
  62 0008 3097      		sbiw r30,0
  63 000a 01F0      		breq .L4
  40:tmk_core/common/host.c ****     return (*driver->keyboard_leds)();
  64               		.loc 1 40 0
  65 000c 0190      		ld __tmp_reg__,Z+
  66 000e F081      		ld r31,Z
  67 0010 E02D      		mov r30,__tmp_reg__
  68 0012 0994      		ijmp
  69               	.LVL1:
  70               	.L4:
  41:tmk_core/common/host.c **** }
  71               		.loc 1 41 0
  72 0014 80E0      		ldi r24,0
  73 0016 0895      		ret
  74               		.cfi_endproc
  75               	.LFE2:
  77               		.section	.text.host_keyboard_send,"ax",@progbits
  78               	.global	host_keyboard_send
  80               	host_keyboard_send:
  81               	.LFB3:
  42:tmk_core/common/host.c **** /* send report */
  43:tmk_core/common/host.c **** void host_keyboard_send(report_keyboard_t *report) {
  82               		.loc 1 43 0
  83               		.cfi_startproc
  84               	.LVL2:
  85               	/* prologue: function */
  86               	/* frame size = 0 */
  87               	/* stack size = 0 */
  88               	.L__stack_usage = 0
  44:tmk_core/common/host.c ****     if (!driver) return;
  89               		.loc 1 44 0
  90 0000 E091 0000 		lds r30,driver
  91 0004 F091 0000 		lds r31,driver+1
  92 0008 3097      		sbiw r30,0
  93 000a 01F0      		breq .L6
  45:tmk_core/common/host.c **** #if defined(NKRO_ENABLE) && defined(NKRO_SHARED_EP)
  46:tmk_core/common/host.c ****     if (keyboard_protocol && keymap_config.nkro) {
  47:tmk_core/common/host.c ****         /* The callers of this function assume that report->mods is where mods go in.
  48:tmk_core/common/host.c ****          * But report->nkro.mods can be at a different offset if core keyboard does not have a repo
  49:tmk_core/common/host.c ****          */
  50:tmk_core/common/host.c ****         report->nkro.mods      = report->mods;
  51:tmk_core/common/host.c ****         report->nkro.report_id = REPORT_ID_NKRO;
  52:tmk_core/common/host.c ****     } else
  53:tmk_core/common/host.c **** #endif
  54:tmk_core/common/host.c ****     {
  55:tmk_core/common/host.c **** #ifdef KEYBOARD_SHARED_EP
  56:tmk_core/common/host.c ****         report->report_id = REPORT_ID_KEYBOARD;
  57:tmk_core/common/host.c **** #endif
  58:tmk_core/common/host.c ****     }
  59:tmk_core/common/host.c ****     (*driver->send_keyboard)(report);
  94               		.loc 1 59 0
  95 000c 0280      		ldd __tmp_reg__,Z+2
  96 000e F381      		ldd r31,Z+3
  97 0010 E02D      		mov r30,__tmp_reg__
  98 0012 0994      		ijmp
  99               	.LVL3:
 100               	.L6:
 101 0014 0895      		ret
 102               		.cfi_endproc
 103               	.LFE3:
 105               		.section	.text.host_mouse_send,"ax",@progbits
 106               	.global	host_mouse_send
 108               	host_mouse_send:
 109               	.LFB4:
  60:tmk_core/common/host.c **** 
  61:tmk_core/common/host.c ****     if (debug_keyboard) {
  62:tmk_core/common/host.c ****         dprint("keyboard_report: ");
  63:tmk_core/common/host.c ****         for (uint8_t i = 0; i < KEYBOARD_REPORT_SIZE; i++) {
  64:tmk_core/common/host.c ****             dprintf("%02X ", report->raw[i]);
  65:tmk_core/common/host.c ****         }
  66:tmk_core/common/host.c ****         dprint("\n");
  67:tmk_core/common/host.c ****     }
  68:tmk_core/common/host.c **** }
  69:tmk_core/common/host.c **** 
  70:tmk_core/common/host.c **** void host_mouse_send(report_mouse_t *report) {
 110               		.loc 1 70 0
 111               		.cfi_startproc
 112               	.LVL4:
 113               	/* prologue: function */
 114               	/* frame size = 0 */
 115               	/* stack size = 0 */
 116               	.L__stack_usage = 0
  71:tmk_core/common/host.c ****     if (!driver) return;
 117               		.loc 1 71 0
 118 0000 E091 0000 		lds r30,driver
 119 0004 F091 0000 		lds r31,driver+1
 120 0008 3097      		sbiw r30,0
 121 000a 01F0      		breq .L8
  72:tmk_core/common/host.c **** #ifdef MOUSE_SHARED_EP
  73:tmk_core/common/host.c ****     report->report_id = REPORT_ID_MOUSE;
 122               		.loc 1 73 0
 123 000c 22E0      		ldi r18,lo8(2)
 124 000e DC01      		movw r26,r24
 125 0010 2C93      		st X,r18
  74:tmk_core/common/host.c **** #endif
  75:tmk_core/common/host.c ****     (*driver->send_mouse)(report);
 126               		.loc 1 75 0
 127 0012 0480      		ldd __tmp_reg__,Z+4
 128 0014 F581      		ldd r31,Z+5
 129 0016 E02D      		mov r30,__tmp_reg__
 130 0018 0994      		ijmp
 131               	.LVL5:
 132               	.L8:
 133 001a 0895      		ret
 134               		.cfi_endproc
 135               	.LFE4:
 137               		.section	.text.host_system_send,"ax",@progbits
 138               	.global	host_system_send
 140               	host_system_send:
 141               	.LFB5:
  76:tmk_core/common/host.c **** }
  77:tmk_core/common/host.c **** 
  78:tmk_core/common/host.c **** void host_system_send(uint16_t report) {
 142               		.loc 1 78 0
 143               		.cfi_startproc
 144               	.LVL6:
 145               	/* prologue: function */
 146               	/* frame size = 0 */
 147               	/* stack size = 0 */
 148               	.L__stack_usage = 0
  79:tmk_core/common/host.c ****     if (report == last_system_report) return;
 149               		.loc 1 79 0
 150 0000 2091 0000 		lds r18,last_system_report
 151 0004 3091 0000 		lds r19,last_system_report+1
 152 0008 8217      		cp r24,r18
 153 000a 9307      		cpc r25,r19
 154 000c 01F0      		breq .L10
  80:tmk_core/common/host.c ****     last_system_report = report;
 155               		.loc 1 80 0
 156 000e 9093 0000 		sts last_system_report+1,r25
 157 0012 8093 0000 		sts last_system_report,r24
  81:tmk_core/common/host.c **** 
  82:tmk_core/common/host.c ****     if (!driver) return;
 158               		.loc 1 82 0
 159 0016 E091 0000 		lds r30,driver
 160 001a F091 0000 		lds r31,driver+1
 161 001e 3097      		sbiw r30,0
 162 0020 01F0      		breq .L10
  83:tmk_core/common/host.c ****     (*driver->send_system)(report);
 163               		.loc 1 83 0
 164 0022 0680      		ldd __tmp_reg__,Z+6
 165 0024 F781      		ldd r31,Z+7
 166 0026 E02D      		mov r30,__tmp_reg__
 167 0028 0994      		ijmp
 168               	.LVL7:
 169               	.L10:
 170 002a 0895      		ret
 171               		.cfi_endproc
 172               	.LFE5:
 174               		.section	.text.host_consumer_send,"ax",@progbits
 175               	.global	host_consumer_send
 177               	host_consumer_send:
 178               	.LFB6:
  84:tmk_core/common/host.c **** }
  85:tmk_core/common/host.c **** 
  86:tmk_core/common/host.c **** void host_consumer_send(uint16_t report) {
 179               		.loc 1 86 0
 180               		.cfi_startproc
 181               	.LVL8:
 182               	/* prologue: function */
 183               	/* frame size = 0 */
 184               	/* stack size = 0 */
 185               	.L__stack_usage = 0
  87:tmk_core/common/host.c ****     if (report == last_consumer_report) return;
 186               		.loc 1 87 0
 187 0000 2091 0000 		lds r18,last_consumer_report
 188 0004 3091 0000 		lds r19,last_consumer_report+1
 189 0008 8217      		cp r24,r18
 190 000a 9307      		cpc r25,r19
 191 000c 01F0      		breq .L17
  88:tmk_core/common/host.c ****     last_consumer_report = report;
 192               		.loc 1 88 0
 193 000e 9093 0000 		sts last_consumer_report+1,r25
 194 0012 8093 0000 		sts last_consumer_report,r24
  89:tmk_core/common/host.c **** 
  90:tmk_core/common/host.c ****     if (!driver) return;
 195               		.loc 1 90 0
 196 0016 E091 0000 		lds r30,driver
 197 001a F091 0000 		lds r31,driver+1
 198 001e 3097      		sbiw r30,0
 199 0020 01F0      		breq .L17
  91:tmk_core/common/host.c ****     (*driver->send_consumer)(report);
 200               		.loc 1 91 0
 201 0022 0084      		ldd __tmp_reg__,Z+8
 202 0024 F185      		ldd r31,Z+9
 203 0026 E02D      		mov r30,__tmp_reg__
 204 0028 0994      		ijmp
 205               	.LVL9:
 206               	.L17:
 207 002a 0895      		ret
 208               		.cfi_endproc
 209               	.LFE6:
 211               		.section	.text.host_last_system_report,"ax",@progbits
 212               	.global	host_last_system_report
 214               	host_last_system_report:
 215               	.LFB7:
  92:tmk_core/common/host.c **** }
  93:tmk_core/common/host.c **** 
  94:tmk_core/common/host.c **** uint16_t host_last_system_report(void) { return last_system_report; }
 216               		.loc 1 94 0
 217               		.cfi_startproc
 218               	/* prologue: function */
 219               	/* frame size = 0 */
 220               	/* stack size = 0 */
 221               	.L__stack_usage = 0
 222               		.loc 1 94 0
 223 0000 8091 0000 		lds r24,last_system_report
 224 0004 9091 0000 		lds r25,last_system_report+1
 225 0008 0895      		ret
 226               		.cfi_endproc
 227               	.LFE7:
 229               		.section	.text.host_last_consumer_report,"ax",@progbits
 230               	.global	host_last_consumer_report
 232               	host_last_consumer_report:
 233               	.LFB8:
  95:tmk_core/common/host.c **** 
  96:tmk_core/common/host.c **** uint16_t host_last_consumer_report(void) { return last_consumer_report; }
 234               		.loc 1 96 0
 235               		.cfi_startproc
 236               	/* prologue: function */
 237               	/* frame size = 0 */
 238               	/* stack size = 0 */
 239               	.L__stack_usage = 0
 240               		.loc 1 96 0
 241 0000 8091 0000 		lds r24,last_consumer_report
 242 0004 9091 0000 		lds r25,last_consumer_report+1
 243 0008 0895      		ret
 244               		.cfi_endproc
 245               	.LFE8:
 247               		.section	.bss.last_consumer_report,"aw",@nobits
 250               	last_consumer_report:
 251 0000 0000      		.zero	2
 252               		.section	.bss.last_system_report,"aw",@nobits
 255               	last_system_report:
 256 0000 0000      		.zero	2
 257               		.section	.bss.driver,"aw",@nobits
 260               	driver:
 261 0000 0000      		.zero	2
 262               		.text
 263               	.Letext0:
 264               		.file 2 "/usr/lib/avr/include/stdint.h"
 265               		.file 3 "tmk_core/common/report.h"
 266               		.file 4 "tmk_core/common/host_driver.h"
 267               		.file 5 "tmk_core/common/debug.h"
DEFINED SYMBOLS
                            *ABS*:0000000000000000 host.c
     /tmp/ccQNhOyH.s:2      *ABS*:000000000000003e __SP_H__
     /tmp/ccQNhOyH.s:3      *ABS*:000000000000003d __SP_L__
     /tmp/ccQNhOyH.s:4      *ABS*:000000000000003f __SREG__
     /tmp/ccQNhOyH.s:5      *ABS*:0000000000000000 __tmp_reg__
     /tmp/ccQNhOyH.s:6      *ABS*:0000000000000001 __zero_reg__
     /tmp/ccQNhOyH.s:13     .text.host_set_driver:0000000000000000 host_set_driver
     /tmp/ccQNhOyH.s:260    .bss.driver:0000000000000000 driver
     /tmp/ccQNhOyH.s:33     .text.host_get_driver:0000000000000000 host_get_driver
     /tmp/ccQNhOyH.s:51     .text.host_keyboard_leds:0000000000000000 host_keyboard_leds
     /tmp/ccQNhOyH.s:80     .text.host_keyboard_send:0000000000000000 host_keyboard_send
     /tmp/ccQNhOyH.s:108    .text.host_mouse_send:0000000000000000 host_mouse_send
     /tmp/ccQNhOyH.s:140    .text.host_system_send:0000000000000000 host_system_send
     /tmp/ccQNhOyH.s:255    .bss.last_system_report:0000000000000000 last_system_report
     /tmp/ccQNhOyH.s:177    .text.host_consumer_send:0000000000000000 host_consumer_send
     /tmp/ccQNhOyH.s:250    .bss.last_consumer_report:0000000000000000 last_consumer_report
     /tmp/ccQNhOyH.s:214    .text.host_last_system_report:0000000000000000 host_last_system_report
     /tmp/ccQNhOyH.s:232    .text.host_last_consumer_report:0000000000000000 host_last_consumer_report

UNDEFINED SYMBOLS
__do_clear_bss
